TN:
SF:src/data/postgres/index.ts
FNF:0
FNH:0
DA:1,1
DA:2,1
DA:3,1
LF:3
LH:3
BRF:0
BRH:0
end_of_record
TN:
SF:src/domain/entities/todo.entity.ts
FN:2,TodoEntity
FN:8,get isCompleted
FN:12,fromObject
FNF:3
FNH:2
FNDA:8,TodoEntity
FNDA:0,get isCompleted
FNDA:8,fromObject
DA:1,1
DA:2,1
DA:3,8
DA:4,8
DA:5,8
DA:6,8
DA:7,1
DA:8,1
DA:9,0
DA:10,0
DA:11,1
DA:12,1
DA:13,8
DA:14,8
DA:15,8
DA:16,8
DA:17,8
DA:18,8
DA:19,2
DA:20,2
DA:21,0
DA:22,0
DA:23,2
DA:24,8
DA:25,8
DA:26,8
DA:27,1
LF:27
LH:23
BRDA:2,0,0,8
BRDA:12,1,0,8
BRDA:14,2,0,0
BRDA:15,3,0,0
BRDA:18,4,0,2
BRDA:20,5,0,0
BRF:6
BRH:3
end_of_record
TN:
SF:src/presentation/todos/controller.ts
FN:8,TodosController
FN:12,TodosController.getTodos
FN:19,TodosController.getTodoById
FN:27,TodosController.createTodo
FN:39,TodosController.updateTodo
FN:54,TodosController.deleteTodo
FNF:6
FNH:5
FNDA:2,TodosController
FNDA:1,TodosController.getTodos
FNDA:2,TodosController.getTodoById
FNDA:3,TodosController.createTodo
FNDA:3,TodosController.updateTodo
FNDA:0,TodosController.deleteTodo
DA:1,1
DA:2,1
DA:3,1
DA:4,1
DA:5,1
DA:6,1
DA:7,1
DA:8,1
DA:9,2
DA:10,2
DA:11,1
DA:12,1
DA:13,1
DA:14,1
DA:15,1
DA:16,1
DA:17,1
DA:18,1
DA:19,1
DA:20,2
DA:21,2
DA:22,2
DA:23,2
DA:24,2
DA:25,2
DA:26,1
DA:27,1
DA:28,3
DA:29,3
DA:30,3
DA:31,1
DA:32,1
DA:33,1
DA:34,1
DA:35,1
DA:36,1
DA:37,1
DA:38,1
DA:39,1
DA:40,3
DA:41,3
DA:42,3
DA:43,3
DA:44,3
DA:45,3
DA:46,3
DA:47,3
DA:48,3
DA:49,3
DA:50,3
DA:51,3
DA:52,3
DA:53,1
DA:54,1
DA:55,0
DA:56,0
DA:57,0
DA:58,0
DA:59,0
DA:60,0
DA:61,0
DA:62,0
DA:63,1
DA:64,1
LF:64
LH:56
BRDA:8,0,0,2
BRDA:12,1,0,1
BRDA:15,2,0,1
BRDA:19,3,0,2
BRDA:19,4,0,2
BRDA:23,5,0,1
BRDA:24,6,0,1
BRDA:27,7,0,3
BRDA:27,8,0,3
BRDA:30,9,0,2
BRDA:31,10,0,1
BRDA:34,11,0,1
BRDA:39,12,0,3
BRDA:39,13,0,3
BRDA:46,14,0,0
BRDA:50,15,0,2
BRDA:51,16,0,1
BRF:17
BRH:16
end_of_record
TN:
SF:test/test-server.ts
FNF:0
FNH:0
DA:1,1
DA:2,1
DA:3,1
DA:4,1
DA:5,1
DA:6,1
DA:7,1
DA:8,1
LF:8
LH:8
BRF:0
BRH:0
end_of_record
